<?xml version="1.0" encoding="UTF-8"?>
<testsuite name="com.blinkboxmusic.warehouse.android.EventsWarehouseTest" tests="8" skipped="0" failures="0" errors="0" timestamp="2014-05-29T15:50:23" hostname="wheezy-laptop-test" time="0.384">
  <properties/>
  <testcase name="sendsRequiredHTTPHeaders" classname="com.blinkboxmusic.warehouse.android.EventsWarehouseTest" time="0.28"/>
  <testcase name="appendsUserIdWhenNotAlreadySetInEvent" classname="com.blinkboxmusic.warehouse.android.EventsWarehouseTest" time="0.01"/>
  <testcase name="appendsClientTimestampWhenNotAlreadySetInEvent" classname="com.blinkboxmusic.warehouse.android.EventsWarehouseTest" time="0.0060"/>
  <testcase name="usesHTTPPostMethod" classname="com.blinkboxmusic.warehouse.android.EventsWarehouseTest" time="0.0050"/>
  <testcase name="appendsUUIDWhenNotAlreadySetInEvent" classname="com.blinkboxmusic.warehouse.android.EventsWarehouseTest" time="0.0060"/>
  <testcase name="sendsEvent" classname="com.blinkboxmusic.warehouse.android.EventsWarehouseTest" time="0.0030"/>
  <testcase name="appendsSessionIdWhenNotAlreadySetInEvent" classname="com.blinkboxmusic.warehouse.android.EventsWarehouseTest" time="0.0040"/>
  <testcase name="throwsUninitializedMessageExceptionIfNoSessionIdIsSet" classname="com.blinkboxmusic.warehouse.android.EventsWarehouseTest" time="0.064"/>
  <system-out><![CDATA[]]></system-out>
  <system-err><![CDATA[]]></system-err>
</testsuite>
